#
# There is insufficient memory for the Java Runtime Environment to continue.
# Native memory allocation (malloc) failed to allocate 1048576 bytes for AllocateHeap
# Possible reasons:
#   The system is out of physical RAM or swap space
#   In 32 bit mode, the process size limit was hit
# Possible solutions:
#   Reduce memory load on the system
#   Increase physical memory or swap space
#   Check if swap backing store is full
#   Use 64 bit Java on a 64 bit OS
#   Decrease Java heap size (-Xmx/-Xms)
#   Decrease number of Java threads
#   Decrease Java thread stack sizes (-Xss)
#   Set larger code cache with -XX:ReservedCodeCacheSize=
# This output file may be truncated or incomplete.
#
#  Out of Memory Error (memory/allocation.inline.hpp:61), pid=24444, tid=0x0000000000007e6c
#
# JRE version:  (8.0_121-b13) (build )
# Java VM: Java HotSpot(TM) 64-Bit Server VM (25.121-b13 mixed mode windows-amd64 compressed oops)
# Failed to write core dump. Minidumps are not enabled by default on client versions of Windows
#

---------------  T H R E A D  ---------------

Current thread (0x0000000002cb3800):  JavaThread "Unknown thread" [_thread_in_vm, id=32364, stack(0x0000000002b30000,0x0000000002c30000)]

Stack: [0x0000000002b30000,0x0000000002c30000]
[error occurred during error reporting (printing stack bounds), id 0xc0000005]

Native frames: (J=compiled Java code, j=interpreted, Vv=VM code, C=native code)


---------------  P R O C E S S  ---------------

Java Threads: ( => current thread )

Other Threads:

=>0x0000000002cb3800 (exited) JavaThread "Unknown thread" [_thread_in_vm, id=32364, stack(0x0000000002b30000,0x0000000002c30000)]

VM state:not at safepoint (normal execution)

VM Mutex/Monitor currently owned by a thread: None

Heap:
 PSYoungGen      total 38400K, used 665K [0x00000000d5c00000, 0x00000000d8680000, 0x0000000100000000)
  eden space 33280K, 2% used [0x00000000d5c00000,0x00000000d5ca6670,0x00000000d7c80000)
  from space 5120K, 0% used [0x00000000d8180000,0x00000000d8180000,0x00000000d8680000)
  to   space 5120K, 0% used [0x00000000d7c80000,0x00000000d7c80000,0x00000000d8180000)
 ParOldGen       total 87552K, used 0K [0x0000000081400000, 0x0000000086980000, 0x00000000d5c00000)
  object space 87552K, 0% used [0x0000000081400000,0x0000000081400000,0x0000000086980000)
 Metaspace       used 746K, capacity 4480K, committed 4480K, reserved 1056768K
  class space    used 75K, capacity 384K, committed 384K, reserved 1048576K

Card table byte_map: [0x0000000012170000,0x0000000012570000] byte_map_base: 0x0000000011d66000

Marking Bits: (ParMarkBitMap*) 0x0000000053c5b6d0
 Begin Bits: [0x0000000012c20000, 0x0000000014bd0000)
 End Bits:   [0x0000000014bd0000, 0x0000000016b80000)

Polling page: 0x0000000002a30000

CodeCache: size=245760Kb used=328Kb max_used=328Kb free=245431Kb
 bounds [0x0000000002db0000, 0x0000000003020000, 0x0000000011db0000]
 total_blobs=58 nmethods=0 adapters=38
 compilation: enabled

Compilation events (0 events):
No events

GC Heap History (0 events):
No events

Deoptimization events (0 events):
No events

Internal exceptions (0 events):
No events

Events (10 events):
Event: 0.031 loading class java/lang/Short
Event: 0.031 loading class java/lang/Short done
Event: 0.031 loading class java/lang/Integer
Event: 0.032 loading class java/lang/Integer done
Event: 0.032 loading class java/lang/Long
Event: 0.032 loading class java/lang/Long done
Event: 0.032 loading class java/lang/NullPointerException
Event: 0.032 loading class java/lang/NullPointerException done
Event: 0.032 loading class java/lang/ArithmeticException
Event: 0.032 loading class java/lang/ArithmeticException done


Dynamic libraries:
0x00007ff6da220000 - 0x00007ff6da257000 	C:\Program Files\Java\jre1.8.0_121\bin\javaw.exe
0x00007ffa50fb0000 - 0x00007ffa5115d000 	C:\windows\SYSTEM32\ntdll.dll
0x00007ffa50cc0000 - 0x00007ffa50dfe000 	C:\windows\system32\KERNEL32.DLL
0x00007ffa4e4b0000 - 0x00007ffa4e5c5000 	C:\windows\system32\KERNELBASE.dll
0x00007ffa4c6e0000 - 0x00007ffa4c76e000 	C:\windows\system32\apphelp.dll
0x00007ffa278a0000 - 0x00007ffa278f3000 	C:\windows\AppPatch\AppPatch64\AcGenral.DLL
0x00007ffa50900000 - 0x00007ffa509aa000 	C:\windows\system32\msvcrt.dll
0x00007ffa4e480000 - 0x00007ffa4e4ae000 	C:\windows\system32\SspiCli.dll
0x00007ffa50a20000 - 0x00007ffa50a74000 	C:\windows\system32\SHLWAPI.dll
0x00007ffa50240000 - 0x00007ffa503b7000 	C:\windows\system32\USER32.dll
0x00007ffa50760000 - 0x00007ffa508f4000 	C:\windows\system32\ole32.dll
0x00007ffa4e890000 - 0x00007ffa4fdb8000 	C:\windows\system32\SHELL32.dll
0x00007ffa4d6f0000 - 0x00007ffa4d711000 	C:\windows\SYSTEM32\USERENV.dll
0x00007ffa505f0000 - 0x00007ffa5069a000 	C:\windows\system32\ADVAPI32.dll
0x00007ffa42a90000 - 0x00007ffa42aae000 	C:\windows\SYSTEM32\MPR.dll
0x00007ffa50e70000 - 0x00007ffa50fb0000 	C:\windows\system32\RPCRT4.dll
0x00007ffa4fdc0000 - 0x00007ffa4fe19000 	C:\windows\SYSTEM32\sechost.dll
0x00007ffa503c0000 - 0x00007ffa505d2000 	C:\windows\SYSTEM32\combase.dll
0x00007ffa4fe20000 - 0x00007ffa4ff6f000 	C:\windows\system32\GDI32.dll
0x00007ffa4e0d0000 - 0x00007ffa4e0e5000 	C:\windows\SYSTEM32\profapi.dll
0x00007ffa4c990000 - 0x00007ffa4ca42000 	C:\windows\SYSTEM32\SHCORE.dll
0x00007ffa4e690000 - 0x00007ffa4e6c6000 	C:\windows\system32\IMM32.DLL
0x00007ffa50a80000 - 0x00007ffa50bd2000 	C:\windows\system32\MSCTF.dll
0x00007ffa4c430000 - 0x00007ffa4c6ab000 	C:\windows\WinSxS\amd64_microsoft.windows.common-controls_6595b64144ccf1df_6.0.9600.18006_none_623f33d3ecbe86e8\COMCTL32.dll
0x00000000514e0000 - 0x00000000515b2000 	C:\Program Files\Java\jre1.8.0_121\bin\msvcr100.dll
0x0000000053440000 - 0x0000000053cdb000 	C:\Program Files\Java\jre1.8.0_121\bin\server\jvm.dll
0x00007ffa48c40000 - 0x00007ffa48c49000 	C:\windows\SYSTEM32\WSOCK32.dll
0x00007ffa47890000 - 0x00007ffa478b2000 	C:\windows\SYSTEM32\WINMM.dll
0x00007ffa48de0000 - 0x00007ffa48dea000 	C:\windows\SYSTEM32\VERSION.dll
0x00007ffa505e0000 - 0x00007ffa505e7000 	C:\windows\system32\PSAPI.DLL
0x00007ffa4e630000 - 0x00007ffa4e68a000 	C:\windows\system32\WS2_32.dll
0x00007ffa47860000 - 0x00007ffa4788a000 	C:\windows\SYSTEM32\WINMMBASE.dll
0x00007ffa50a10000 - 0x00007ffa50a19000 	C:\windows\system32\NSI.dll
0x00007ffa4e1a0000 - 0x00007ffa4e1ef000 	C:\windows\SYSTEM32\cfgmgr32.dll
0x00007ffa4cef0000 - 0x00007ffa4cf18000 	C:\windows\SYSTEM32\DEVOBJ.dll
0x0000000053430000 - 0x000000005343f000 	C:\Program Files\Java\jre1.8.0_121\bin\verify.dll
0x0000000053400000 - 0x0000000053429000 	C:\Program Files\Java\jre1.8.0_121\bin\java.dll
0x00000000533e0000 - 0x00000000533f6000 	C:\Program Files\Java\jre1.8.0_121\bin\zip.dll

VM Arguments:
jvm_args: -Dfile.encoding=UTF-8 
java_command: com.trc.qa.testcases.OOMJavaHeapSpaceSimulator
java_class_path (initial): D:\Sahil_workspace\TrcTest\target\test-classes;D:\Sahil_workspace\TrcTest\target\classes;C:\Users\Aezion.Dev10\.m2\repository\org\seleniumhq\selenium\selenium-java\3.7.1\selenium-java-3.7.1.jar;C:\Users\Aezion.Dev10\.m2\repository\org\seleniumhq\selenium\selenium-api\3.7.1\selenium-api-3.7.1.jar;C:\Users\Aezion.Dev10\.m2\repository\org\seleniumhq\selenium\selenium-chrome-driver\3.7.1\selenium-chrome-driver-3.7.1.jar;C:\Users\Aezion.Dev10\.m2\repository\org\seleniumhq\selenium\selenium-edge-driver\3.7.1\selenium-edge-driver-3.7.1.jar;C:\Users\Aezion.Dev10\.m2\repository\org\seleniumhq\selenium\selenium-firefox-driver\3.7.1\selenium-firefox-driver-3.7.1.jar;C:\Users\Aezion.Dev10\.m2\repository\org\seleniumhq\selenium\selenium-ie-driver\3.7.1\selenium-ie-driver-3.7.1.jar;C:\Users\Aezion.Dev10\.m2\repository\org\seleniumhq\selenium\selenium-opera-driver\3.7.1\selenium-opera-driver-3.7.1.jar;C:\Users\Aezion.Dev10\.m2\repository\org\seleniumhq\selenium\selenium-remote-driver\3.7.1\selenium-remote-driver-3.7.1.jar;C:\Users\Aezion.Dev10\.m2\repository\org\seleniumhq\selenium\selenium-safari-driver\3.7.1\selenium-safari-driver-3.7.1.jar;C:\Users\Aezion.Dev10\.m2\repository\org\seleniumhq\selenium\selenium-support\3.7.1\selenium-support-3.7.1.jar;C:\Users\Aezion.Dev10\.m2\repository\net\bytebuddy\byte-buddy\1.7.5\byte-buddy-1.7.5.jar;C:\Users\Aezion.Dev10\.m2\repository\org\apache\commons\commons-exec\1.3\commons-exec-1.3.jar;C:\Users\Aezion.Dev10\.m2\repository\commons-codec\commons-codec\1.10\commons-codec-1.10.jar;C:\Users\Aezion.Dev10\.m2\repository\commons-logging\commons-logging\1.2\commons-logging-1.2.jar;C:\Users\Aezion.Dev10\.m2\repository\com\google\code\gson\gson\2.8.2\gson-2.8.2.jar;C:\Users\Aezion.Dev10\.m2\repository\com\google\guava\guava\23.0\guava-23.0.jar;C:\Users\Aezion.Dev10\.m2\repository\com\google\code\findbugs\jsr305\1.3.9\jsr305-1.3.9.jar;C:\Users\Aezion.Dev10\.m2\repository\com\google\errorprone\error_prone_annotations\2.
Launcher Type: SUN_STANDARD

Environment Variables:
JAVA_HOME=C:\Program Files\Java\jdk1.8.0_121
PATH=C:/Program Files/Java/jre1.8.0_121/bin/server;C:/Program Files/Java/jre1.8.0_121/bin;C:/Program Files/Java/jre1.8.0_121/lib/amd64;C:\ProgramData\Oracle\Java\javapath;C:\Program Files (x86)\Intel\iCLS Client\;C:\Program Files\Intel\iCLS Client\;C:\windows\system32;C:\windows;C:\windows\System32\Wbem;C:\windows\System32\WindowsPowerShell\v1.0\;C:\Program Files\Intel\Intel(R) Management Engine Components\DAL;C:\Program Files (x86)\Intel\Intel(R) Management Engine Components\DAL;C:\Program Files\Intel\Intel(R) Management Engine Components\IPT;C:\Program Files (x86)\Intel\Intel(R) Management Engine Components\IPT;C:\Program Files\Intel\WiFi\bin\;C:\Program Files\Common Files\Intel\WirelessCommon\;C:\Program Files (x86)\Common Files\lenovo\easyplussdk\bin;C:\ProgramData\Lenovo\ReadyApps;C:\Program Files (x86)\Brackets\command;C:\Program Files\Java\jdk1.8.0_121\bin;C:\Program Files\apache-maven-3.3.9\bin;C:\adt-bundle-windows-x86-20140702\sdk\tools;C:\adt-bundle-windows-x86-20140702\sdk\platform-tools;C:\Program Files\nodejs\;C:\Program Files (x86)\Appium\node_modules\.bin;C:\Program Files\Microsoft SQL Server\110\Tools\Binn\;C:\Program Files (x86)\Microsoft SQL Server\110\Tools\Binn\ManagementStudio\;C:\Program Files (x86)\Microsoft SQL Server\110\Tools\Binn\;C:\Program Files (x86)\Microsoft SQL Server\110\DTS\Binn\;C:\Program Files\VisualSVN Server\bin;C:\Program Files\TortoiseSVN\bin;C:\Users\Aezion.Dev10\AppData\Roaming\npm;D:\eclipse-jee-mars-1-win32-x86_64\eclipse;
USERNAME=Aezion.Dev10
OS=Windows_NT
PROCESSOR_IDENTIFIER=Intel64 Family 6 Model 61 Stepping 4, GenuineIntel



---------------  S Y S T E M  ---------------

OS: Windows 8.1 , 64 bit Build 9600 (6.3.9600.17415)

CPU:total 4 (2 cores per cpu, 2 threads per core) family 6 model 61 stepping 4, cmov, cx8, fxsr, mmx, sse, sse2, sse3, ssse3, sse4.1, sse4.2, popcnt, avx, avx2, aes, clmul, erms, 3dnowpref, lzcnt, ht, tsc, tscinvbit, bmi1, bmi2, adx

Memory: 4k page, physical 8303840k(1663308k free), swap 33469664k(5852k free)

vm_info: Java HotSpot(TM) 64-Bit Server VM (25.121-b13) for windows-amd64 JRE (1.8.0_121-b13), built on Dec 12 2016 18:21:36 by "java_re" with MS VC++ 10.0 (VS2010)

time: Thu Apr 12 13:03:22 2018
elapsed time: 0 seconds (0d 0h 0m 0s)

